imkit/build/intermediates/manifest_merge_blame_file/debug/manifest-merger-blame-debug-report.txt
1<?xml version="1.0" encoding="utf-8"?>
2<manifest xmlns:android="http://schemas.android.com/apk/res/android"
3    package="io.rong.imkit" >
4
5    <uses-sdk
6        android:minSdkVersion="19"
6-->src/main/AndroidManifest.xml
7        android:targetSdkVersion="31" />
7-->src/main/AndroidManifest.xml
8    <!-- 访问相册，访问文件系统等 -->
9    <uses-permission android:name="android.permission.READ_EXTERNAL_STORAGE" />
9-->src/main/AndroidManifest.xml:4:5-80
9-->src/main/AndroidManifest.xml:4:22-77
10    <!-- 拍照 -->
11    <uses-permission android:name="android.permission.CAMERA" />
11-->src/main/AndroidManifest.xml:6:5-65
11-->src/main/AndroidManifest.xml:6:22-62
12    <!-- 拍照等 -->
13    <uses-permission android:name="android.permission.VIBRATE" />
13-->src/main/AndroidManifest.xml:8:5-66
13-->src/main/AndroidManifest.xml:8:22-63
14    <uses-permission android:name="android.permission.WRITE_SETTINGS" />
14-->src/main/AndroidManifest.xml:9:5-73
14-->src/main/AndroidManifest.xml:9:22-70
15    <!-- 网络 -->
16    <uses-permission android:name="android.permission.CHANGE_WIFI_STATE" />
16-->src/main/AndroidManifest.xml:11:5-76
16-->src/main/AndroidManifest.xml:11:22-73
17    <uses-permission android:name="android.permission.INTERNET" />
17-->src/main/AndroidManifest.xml:12:5-67
17-->src/main/AndroidManifest.xml:12:22-64
18    <uses-permission android:name="android.permission.ACCESS_NETWORK_STATE" />
18-->src/main/AndroidManifest.xml:13:5-79
18-->src/main/AndroidManifest.xml:13:22-76
19    <uses-permission android:name="android.permission.ACCESS_WIFI_STATE" />
19-->src/main/AndroidManifest.xml:14:5-76
19-->src/main/AndroidManifest.xml:14:22-73
20    <!-- 录音权限，语音消息使用 -->
21    <uses-permission android:name="android.permission.RECORD_AUDIO" />
21-->src/main/AndroidManifest.xml:16:5-71
21-->src/main/AndroidManifest.xml:16:22-68
22
23    <application android:supportsRtl="true" >
23-->src/main/AndroidManifest.xml:18:5-113:19
23-->src/main/AndroidManifest.xml:18:18-44
24        <activity
24-->src/main/AndroidManifest.xml:19:9-21:52
25            android:name="io.rong.imkit.conversationlist.RongConversationListActivity"
25-->src/main/AndroidManifest.xml:20:13-87
26            android:screenOrientation="portrait" />
26-->src/main/AndroidManifest.xml:21:13-49
27        <activity
27-->src/main/AndroidManifest.xml:22:9-24:52
28            android:name="io.rong.imkit.conversation.RongConversationActivity"
28-->src/main/AndroidManifest.xml:23:13-66
29            android:screenOrientation="portrait" />
29-->src/main/AndroidManifest.xml:24:13-49
30        <activity
30-->src/main/AndroidManifest.xml:26:9-28:52
31            android:name="io.rong.imkit.subconversationlist.RongSubConversationListActivity"
31-->src/main/AndroidManifest.xml:27:13-80
32            android:screenOrientation="portrait" />
32-->src/main/AndroidManifest.xml:28:13-49
33        <activity
33-->src/main/AndroidManifest.xml:29:9-31:52
34            android:name="io.rong.imkit.feature.mention.MentionMemberSelectActivity"
34-->src/main/AndroidManifest.xml:30:13-72
35            android:screenOrientation="portrait" />
35-->src/main/AndroidManifest.xml:31:13-49
36        <activity
36-->src/main/AndroidManifest.xml:33:9-35:52
37            android:name="io.rong.imkit.activity.RongWebviewActivity"
37-->src/main/AndroidManifest.xml:34:13-57
38            android:screenOrientation="portrait" />
38-->src/main/AndroidManifest.xml:35:13-49
39        <activity
39-->src/main/AndroidManifest.xml:37:9-44:20
40            android:name="io.rong.imkit.activity.FilePreviewActivity"
40-->src/main/AndroidManifest.xml:38:13-57
41            android:exported="false"
41-->src/main/AndroidManifest.xml:39:13-37
42            android:screenOrientation="portrait" >
42-->src/main/AndroidManifest.xml:40:13-49
43            <intent-filter>
43-->src/main/AndroidManifest.xml:41:13-43:29
44                <category android:name="android.intent.category.DEFAULT" />
44-->src/main/AndroidManifest.xml:42:17-76
44-->src/main/AndroidManifest.xml:42:27-73
45            </intent-filter>
46        </activity>
47        <activity
47-->src/main/AndroidManifest.xml:46:9-54:20
48            android:name="io.rong.imkit.activity.PicturePagerActivity"
48-->src/main/AndroidManifest.xml:47:13-58
49            android:configChanges="orientation|keyboardHidden|screenSize"
49-->src/main/AndroidManifest.xml:48:13-74
50            android:exported="false"
50-->src/main/AndroidManifest.xml:49:13-37
51            android:theme="@android:style/Theme.NoTitleBar.Fullscreen" >
51-->src/main/AndroidManifest.xml:50:13-71
52            <intent-filter>
52-->src/main/AndroidManifest.xml:41:13-43:29
53                <category android:name="android.intent.category.DEFAULT" />
53-->src/main/AndroidManifest.xml:42:17-76
53-->src/main/AndroidManifest.xml:42:27-73
54            </intent-filter>
55        </activity>
56        <activity
56-->src/main/AndroidManifest.xml:55:9-57:52
57            android:name="io.rong.imkit.activity.ForwardSelectConversationActivity"
57-->src/main/AndroidManifest.xml:56:13-71
58            android:screenOrientation="portrait" />
58-->src/main/AndroidManifest.xml:57:13-49
59        <activity
59-->src/main/AndroidManifest.xml:59:9-62:52
60            android:name="io.rong.imkit.activity.CombineWebViewActivity"
60-->src/main/AndroidManifest.xml:60:13-60
61            android:exported="false"
61-->src/main/AndroidManifest.xml:61:13-37
62            android:screenOrientation="portrait" />
62-->src/main/AndroidManifest.xml:62:13-49
63        <activity
63-->src/main/AndroidManifest.xml:64:9-67:52
64            android:name="io.rong.imkit.activity.WebFilePreviewActivity"
64-->src/main/AndroidManifest.xml:65:13-73
65            android:exported="false"
65-->src/main/AndroidManifest.xml:66:13-37
66            android:screenOrientation="portrait" />
66-->src/main/AndroidManifest.xml:67:13-49
67        <activity
67-->src/main/AndroidManifest.xml:69:9-72:74
68            android:name="io.rong.imkit.activity.CombinePicturePagerActivity"
68-->src/main/AndroidManifest.xml:70:13-78
69            android:exported="false"
69-->src/main/AndroidManifest.xml:71:13-37
70            android:theme="@android:style/Theme.NoTitleBar.Fullscreen" />
70-->src/main/AndroidManifest.xml:72:13-71
71        <activity
71-->src/main/AndroidManifest.xml:73:9-76:74
72            android:name="io.rong.imkit.activity.GIFPreviewActivity"
72-->src/main/AndroidManifest.xml:74:13-69
73            android:exported="false"
73-->src/main/AndroidManifest.xml:75:13-37
74            android:theme="@android:style/Theme.NoTitleBar.Fullscreen" />
74-->src/main/AndroidManifest.xml:76:13-71
75
76        <!-- start图库配置项 -->
77        <provider
77-->src/main/AndroidManifest.xml:80:9-88:20
78            android:name="io.rong.imkit.picture.PictureFileProvider"
78-->src/main/AndroidManifest.xml:81:13-56
79            android:authorities="${applicationId}.provider"
79-->src/main/AndroidManifest.xml:82:13-60
80            android:exported="false"
80-->src/main/AndroidManifest.xml:83:13-37
81            android:grantUriPermissions="true" >
81-->src/main/AndroidManifest.xml:84:13-47
82            <meta-data
82-->src/main/AndroidManifest.xml:85:13-87:56
83                android:name="android.support.FILE_PROVIDER_PATHS"
83-->src/main/AndroidManifest.xml:86:17-67
84                android:resource="@xml/rc_file_path" />
84-->src/main/AndroidManifest.xml:87:17-53
85        </provider>
86
87        <activity
87-->src/main/AndroidManifest.xml:90:9-93:52
88            android:name="io.rong.imkit.picture.PictureSelectorActivity"
88-->src/main/AndroidManifest.xml:91:13-60
89            android:configChanges="orientation|keyboardHidden|screenSize"
89-->src/main/AndroidManifest.xml:92:13-74
90            android:screenOrientation="portrait" />
90-->src/main/AndroidManifest.xml:93:13-49
91        <activity
91-->src/main/AndroidManifest.xml:94:9-98:64
92            android:name="io.rong.imkit.picture.PictureSelectorCameraEmptyActivity"
92-->src/main/AndroidManifest.xml:95:13-71
93            android:configChanges="orientation|keyboardHidden|screenSize"
93-->src/main/AndroidManifest.xml:96:13-74
94            android:screenOrientation="portrait"
94-->src/main/AndroidManifest.xml:97:13-49
95            android:theme="@style/Picture.Theme.Translucent" />
95-->src/main/AndroidManifest.xml:98:13-61
96        <activity
96-->src/main/AndroidManifest.xml:100:9-103:52
97            android:name="io.rong.imkit.picture.PicturePreviewActivity"
97-->src/main/AndroidManifest.xml:101:13-59
98            android:configChanges="orientation|keyboardHidden|screenSize"
98-->src/main/AndroidManifest.xml:102:13-74
99            android:screenOrientation="portrait" />
99-->src/main/AndroidManifest.xml:103:13-49
100        <activity
100-->src/main/AndroidManifest.xml:104:9-107:52
101            android:name="io.rong.imkit.picture.PictureVideoPlayActivity"
101-->src/main/AndroidManifest.xml:105:13-61
102            android:configChanges="orientation|keyboardHidden|screenSize"
102-->src/main/AndroidManifest.xml:106:13-74
103            android:screenOrientation="portrait" />
103-->src/main/AndroidManifest.xml:107:13-49
104        <!-- end图库配置项 -->
105
106        <meta-data
106-->src/main/AndroidManifest.xml:110:9-112:52
107            android:name="rc.imkit"
107-->src/main/AndroidManifest.xml:111:13-36
108            android:value="io.rong.imkit.RongIM" />
108-->src/main/AndroidManifest.xml:112:13-49
109    </application>
110
111</manifest>